\BOOKMARK [0][-]{chapter.1}{\376\377\000I\000n\000t\000r\000o\000d\000u\000z\000i\000o\000n\000e}{}% 1
\BOOKMARK [1][-]{section.1.1}{\376\377\000D\000e\000s\000c\000r\000i\000z\000i\000o\000n\000e\000\040\000d\000e\000l\000\040\000p\000r\000o\000g\000e\000t\000t\000o}{chapter.1}% 2
\BOOKMARK [1][-]{section.1.2}{\376\377\000G\000r\000u\000p\000p\000o}{chapter.1}% 3
\BOOKMARK [1][-]{section.1.3}{\376\377\000C\000o\000n\000s\000e\000g\000n\000a}{chapter.1}% 4
\BOOKMARK [0][-]{chapter.2}{\376\377\000D\000e\000s\000c\000r\000i\000z\000i\000o\000n\000e\000\040\000d\000e\000l\000\040\000p\000r\000o\000b\000l\000e\000m\000a}{}% 5
\BOOKMARK [1][-]{section.2.1}{\376\377\000M\000i\000n\000i\000m\000u\000m\000\040\000C\000u\000t\000\040\000S\000e\000t}{chapter.2}% 6
\BOOKMARK [2][-]{subsection.2.1.1}{\376\377\000D\000e\000f\000i\000n\000i\000z\000i\000o\000n\000e\000\040\000f\000o\000r\000m\000a\000l\000e}{section.2.1}% 7
\BOOKMARK [1][-]{section.2.2}{\376\377\000M\000a\000x\000i\000m\000u\000m\000\040\000F\000l\000o\000w\000\040\000P\000r\000o\000b\000l\000e\000m}{chapter.2}% 8
\BOOKMARK [1][-]{section.2.3}{\376\377\000A\000l\000g\000o\000r\000i\000t\000m\000i}{chapter.2}% 9
\BOOKMARK [1][-]{section.2.4}{\376\377\000A\000l\000g\000o\000r\000i\000t\000m\000o\000\040\000P\000u\000s\000h\000-\000R\000e\000l\000a\000b\000e\000l}{chapter.2}% 10
\BOOKMARK [0][-]{chapter.3}{\376\377\000I\000m\000p\000l\000e\000m\000e\000n\000t\000a\000z\000i\000o\000n\000e\000\040\000e\000\040\000o\000t\000t\000i\000m\000i\000z\000z\000a\000z\000i\000o\000n\000i}{}% 11
\BOOKMARK [1][-]{section.3.1}{\376\377\000V\000e\000r\000s\000i\000o\000n\000e\000\040\000s\000e\000r\000i\000a\000l\000e}{chapter.3}% 12
\BOOKMARK [1][-]{section.3.2}{\376\377\000P\000r\000i\000m\000a\000\040\000v\000e\000r\000s\000i\000o\000n\000e\000\040\000p\000a\000r\000a\000l\000l\000e\000l\000a}{chapter.3}% 13
\BOOKMARK [2][-]{subsection.3.2.1}{\376\377\000I\000m\000p\000l\000e\000m\000e\000n\000t\000a\000z\000i\000o\000n\000e\000\040\000k\000e\000r\000n\000e\000l\000\040\000P\000u\000s\000h\000-\000R\000e\000l\000a\000b\000e\000l}{section.3.2}% 14
\BOOKMARK [2][-]{subsection.3.2.2}{\376\377\000T\000e\000s\000t\000\040\000e\000\040\000m\000i\000g\000l\000i\000o\000r\000a\000m\000e\000n\000t\000i}{section.3.2}% 15
\BOOKMARK [1][-]{section.3.3}{\376\377\000S\000e\000c\000o\000n\000d\000a\000\040\000v\000e\000r\000s\000i\000o\000n\000e\000\040\000p\000a\000r\000a\000l\000l\000e\000l\000a}{chapter.3}% 16
\BOOKMARK [2][-]{subsection.3.3.1}{\376\377\000B\000i\000d\000i\000r\000e\000c\000t\000i\000o\000n\000a\000l\000\040\000C\000o\000m\000p\000r\000e\000s\000s\000e\000d\000\040\000S\000p\000a\000r\000s\000e\000\040\000R\000e\000p\000r\000e\000s\000e\000n\000t\000a\000t\000i\000o\000n}{section.3.3}% 17
\BOOKMARK [2][-]{subsection.3.3.2}{\376\377\000M\000o\000d\000i\000f\000i\000c\000h\000e\000\040\000a\000l\000\040\000c\000o\000d\000i\000c\000e}{section.3.3}% 18
\BOOKMARK [1][-]{section.3.4}{\376\377\000T\000e\000r\000z\000a\000\040\000v\000e\000r\000s\000i\000o\000n\000e\000\040\000p\000a\000r\000a\000l\000l\000e\000l\000a}{chapter.3}% 19
\BOOKMARK [2][-]{subsection.3.4.1}{\376\377\000A\000p\000p\000r\000o\000c\000c\000i\000o\000\040\000v\000e\000r\000t\000e\000x\000-\000c\000e\000n\000t\000r\000i\000c}{section.3.4}% 20
\BOOKMARK [1][-]{section.3.5}{\376\377\000P\000a\000r\000a\000l\000l\000e\000l\000i\000z\000z\000a\000z\000i\000o\000n\000e\000\040\000r\000i\000c\000e\000r\000c\000a\000\040\000d\000e\000l\000\040\000t\000a\000g\000l\000i\000o\000\040\000m\000i\000n\000i\000m\000o}{chapter.3}% 21
\BOOKMARK [2][-]{subsection.3.5.1}{\376\377\000V\000e\000r\000s\000i\000o\000n\000e\000\040\000s\000e\000r\000i\000a\000l\000e}{section.3.5}% 22
\BOOKMARK [2][-]{subsection.3.5.2}{\376\377\000V\000e\000r\000s\000i\000o\000n\000e\000\040\000p\000a\000r\000a\000l\000l\000e\000l\000a\000\040\000s\000u\000\040\000m\000a\000t\000r\000i\000c\000e\000\040\000d\000i\000\040\000a\000d\000i\000a\000c\000e\000n\000z\000a}{section.3.5}% 23
\BOOKMARK [2][-]{subsection.3.5.3}{\376\377\000V\000e\000r\000s\000i\000o\000n\000e\000\040\000p\000a\000r\000a\000l\000l\000e\000l\000a\000\040\000s\000u\000\040\000r\000a\000p\000p\000r\000e\000s\000e\000n\000t\000a\000z\000i\000o\000n\000e\000\040\000B\000C\000S\000R}{section.3.5}% 24
\BOOKMARK [1][-]{section.3.6}{\376\377\000T\000e\000s\000t\000\040\000e\000\040\000a\000n\000a\000l\000i\000s\000i\000\040\000d\000e\000l\000l\000e\000\040\000p\000e\000r\000f\000o\000r\000m\000a\000n\000c\000e}{chapter.3}% 25
\BOOKMARK [2][-]{subsection.3.6.1}{\376\377\000D\000a\000t\000i\000\040\000d\000i\000\040\000i\000n\000p\000u\000t}{section.3.6}% 26
\BOOKMARK [2][-]{subsection.3.6.2}{\376\377\000M\000i\000s\000u\000r\000a\000z\000i\000o\000n\000e\000\040\000t\000e\000m\000p\000i}{section.3.6}% 27
\BOOKMARK [2][-]{subsection.3.6.3}{\376\377\000E\000s\000e\000c\000u\000z\000i\000o\000n\000e\000\040\000e\000\040\000a\000n\000a\000l\000i\000s\000i}{section.3.6}% 28
\BOOKMARK [0][-]{chapter.4}{\376\377\000R\000i\000s\000u\000l\000t\000a\000t\000i}{}% 29
\BOOKMARK [1][-]{section.4.1}{\376\377\000R\000i\000s\000u\000l\000t\000a\000t\000i\000\040\000p\000e\000r\000\040\000q\000u\000a\000n\000t\000i\000t\000\340\000\040\000n\000o\000d\000i\000\040\000v\000a\000r\000i\000a\000b\000i\000l\000e}{chapter.4}% 30
\BOOKMARK [1][-]{section.4.2}{\376\377\000R\000i\000s\000u\000l\000t\000a\000t\000i\000\040\000p\000e\000r\000\040\000d\000e\000n\000s\000i\000t\000\340\000\040\000v\000a\000r\000i\000a\000b\000i\000l\000e}{chapter.4}% 31
\BOOKMARK [0][-]{chapter.5}{\376\377\000C\000o\000n\000c\000l\000u\000s\000i\000o\000n\000i}{}% 32
\BOOKMARK [0][-]{appendix.1.Alph1}{\376\377\000R\000e\000t\000i\000\040\000d\000i\000\040\000f\000l\000u\000s\000s\000o}{}% 33
\BOOKMARK [1][-]{section.1.Alph1.1}{\376\377\000F\000l\000u\000s\000s\000o}{appendix.1.Alph1}% 34
\BOOKMARK [1][-]{section.1.Alph1.2}{\376\377\000R\000e\000t\000e\000\040\000r\000e\000s\000i\000d\000u\000a}{appendix.1.Alph1}% 35
\BOOKMARK [0][-]{appendix.1.Alph2}{\376\377\000T\000e\000c\000n\000i\000c\000h\000e\000\040\000d\000i\000\040\000R\000a\000p\000p\000r\000e\000s\000e\000n\000t\000a\000z\000i\000o\000n\000e\000\040\000d\000i\000\040\000G\000r\000a\000f\000i}{}% 36
\BOOKMARK [1][-]{section.1.Alph2.1}{\376\377\000R\000a\000p\000p\000r\000e\000s\000e\000n\000t\000a\000z\000i\000o\000n\000e\000\040\000d\000e\000i\000\040\000G\000r\000a\000f\000i\000\040\000c\000o\000n\000\040\000M\000a\000t\000r\000i\000c\000i\000\040\000d\000i\000\040\000A\000d\000i\000a\000c\000e\000n\000z\000a}{appendix.1.Alph2}% 37
\BOOKMARK [1][-]{section.1.Alph2.2}{\376\377\000C\000o\000m\000p\000r\000e\000s\000s\000e\000d\000\040\000S\000p\000a\000r\000s\000e\000\040\000R\000o\000w}{appendix.1.Alph2}% 38
